<?xml version="1.0" encoding="UTF-8"?>
<!-- Generated by org.testng.reporters.JUnitReportReporter -->
<testsuite hostname="BNED-ALI" failures="0" tests="1" name="appium.test.apk.TestAPK" time="2.527" errors="0" timestamp="9 Oct 2020 07:52:24 GMT">
  <testcase classname="appium.test.apk.TestAPK" name="testLoginCase" time="2.527"/>
</testsuite> <!-- appium.test.apk.TestAPK -->
