<?xml version="1.0" encoding="UTF-8"?>
<!-- Generated by org.testng.reporters.JUnitReportReporter -->
<testsuite hostname="BNED-ALI" failures="0" tests="1" name="appium.test.apk.TestRccClient" time="2.550" errors="0" timestamp="12 Oct 2020 07:15:03 GMT">
  <testcase classname="appium.test.apk.TestRccClient" name="testLoginCase" time="2.550"/>
</testsuite> <!-- appium.test.apk.TestRccClient -->
